2017-09-30 15:41:17 - PHP Notice:  Use of undefined constant DB_PREFIX - assumed 'DB_PREFIX' in /vb_shared/_forks/opencommerce/public_html/system/library/session/db.php on line 21
2017-09-30 15:41:17 - PHP Notice:  Use of undefined constant DB_PREFIX - assumed 'DB_PREFIX' in /vb_shared/_forks/opencommerce/public_html/system/library/openbay.php on line 61
2017-09-30 15:41:17 - PHP Notice:  Use of undefined constant DB_PREFIX - assumed 'DB_PREFIX' in /vb_shared/_forks/opencommerce/public_html/catalog/model/design/translation.php on line 6
2017-09-30 15:41:17 - PHP Notice:  Use of undefined constant DB_PREFIX - assumed 'DB_PREFIX' in /vb_shared/_forks/opencommerce/public_html/system/library/openbay.php on line 61
2017-09-30 15:41:17 - PHP Notice:  Use of undefined constant DB_PREFIX - assumed 'DB_PREFIX' in /vb_shared/_forks/opencommerce/public_html/system/library/session/db.php on line 21
2017-09-30 15:41:17 - PHP Notice:  Use of undefined constant DB_PREFIX - assumed 'DB_PREFIX' in /vb_shared/_forks/opencommerce/public_html/catalog/controller/startup/startup.php on line 8
2017-09-30 15:41:17 - PHP Notice:  Use of undefined constant DB_PREFIX - assumed 'DB_PREFIX' in /vb_shared/_forks/opencommerce/public_html/catalog/controller/startup/startup.php on line 25
2017-09-30 15:41:17 - PHP Notice:  Use of undefined constant DB_PREFIX - assumed 'DB_PREFIX' in /vb_shared/_forks/opencommerce/public_html/catalog/model/localisation/language.php on line 15
2017-09-30 15:41:17 - PHP Notice:  Undefined index:  in /vb_shared/_forks/opencommerce/public_html/catalog/controller/startup/startup.php on line 127
2017-09-30 15:41:17 - PHP Notice:  Use of undefined constant DB_PREFIX - assumed 'DB_PREFIX' in /vb_shared/_forks/opencommerce/public_html/catalog/model/localisation/currency.php on line 15
2017-09-30 15:41:17 - PHP Notice:  Use of undefined constant DB_PREFIX - assumed 'DB_PREFIX' in /vb_shared/_forks/opencommerce/public_html/system/library/cart/currency.php on line 10
2017-09-30 15:41:17 - PHP Notice:  Use of undefined constant DB_PREFIX - assumed 'DB_PREFIX' in /vb_shared/_forks/opencommerce/public_html/system/library/cart/tax.php on line 44
2017-09-30 15:41:17 - PHP Notice:  Use of undefined constant DB_PREFIX - assumed 'DB_PREFIX' in /vb_shared/_forks/opencommerce/public_html/system/library/cart/tax.php on line 44
2017-09-30 15:41:17 - PHP Notice:  Use of undefined constant DB_PREFIX - assumed 'DB_PREFIX' in /vb_shared/_forks/opencommerce/public_html/system/library/cart/tax.php on line 44
2017-09-30 15:41:17 - PHP Notice:  Use of undefined constant DB_PREFIX - assumed 'DB_PREFIX' in /vb_shared/_forks/opencommerce/public_html/system/library/cart/tax.php on line 44
2017-09-30 15:41:17 - PHP Notice:  Use of undefined constant DB_PREFIX - assumed 'DB_PREFIX' in /vb_shared/_forks/opencommerce/public_html/system/library/cart/tax.php on line 44
2017-09-30 15:41:17 - PHP Notice:  Use of undefined constant DB_PREFIX - assumed 'DB_PREFIX' in /vb_shared/_forks/opencommerce/public_html/system/library/cart/weight.php on line 10
2017-09-30 15:41:17 - PHP Notice:  Use of undefined constant DB_PREFIX - assumed 'DB_PREFIX' in /vb_shared/_forks/opencommerce/public_html/system/library/cart/weight.php on line 10
2017-09-30 15:41:17 - PHP Notice:  Use of undefined constant DB_PREFIX - assumed 'DB_PREFIX' in /vb_shared/_forks/opencommerce/public_html/system/library/cart/length.php on line 10
2017-09-30 15:41:17 - PHP Notice:  Use of undefined constant DB_PREFIX - assumed 'DB_PREFIX' in /vb_shared/_forks/opencommerce/public_html/system/library/cart/length.php on line 10
2017-09-30 15:41:17 - PHP Notice:  Use of undefined constant DB_PREFIX - assumed 'DB_PREFIX' in /vb_shared/_forks/opencommerce/public_html/system/library/cart/cart.php on line 15
2017-09-30 15:41:17 - PHP Notice:  Use of undefined constant DB_PREFIX - assumed 'DB_PREFIX' in /vb_shared/_forks/opencommerce/public_html/system/library/openbay.php on line 61
2017-09-30 15:41:17 - PHP Warning:  fopen(/vb_shared/_forks/opencommerce/public_html/system/storage/logs/): failed to open stream: Is a directory in /vb_shared/_forks/opencommerce/public_html/system/library/log.php on line 22
2017-10-01 17:02:13 - PHP Notice:  Use of undefined constant DB_PREFIX - assumed 'DB_PREFIX' in /vb_shared/_forks/opencommerce/public_html/system/library/session/db.php on line 21
2017-10-01 17:02:13 - PHP Notice:  Use of undefined constant DB_PREFIX - assumed 'DB_PREFIX' in /vb_shared/_forks/opencommerce/public_html/system/library/openbay.php on line 61
2017-10-01 17:02:13 - PHP Notice:  Use of undefined constant DB_PREFIX - assumed 'DB_PREFIX' in /vb_shared/_forks/opencommerce/public_html/catalog/model/design/translation.php on line 6
2017-10-01 17:02:13 - PHP Notice:  Use of undefined constant DB_PREFIX - assumed 'DB_PREFIX' in /vb_shared/_forks/opencommerce/public_html/system/library/openbay.php on line 61
2017-10-01 17:02:13 - PHP Notice:  Use of undefined constant DB_PREFIX - assumed 'DB_PREFIX' in /vb_shared/_forks/opencommerce/public_html/system/library/session/db.php on line 21
2017-10-01 17:02:13 - PHP Notice:  Use of undefined constant DB_PREFIX - assumed 'DB_PREFIX' in /vb_shared/_forks/opencommerce/public_html/catalog/controller/startup/startup.php on line 8
2017-10-01 17:02:13 - PHP Notice:  Use of undefined constant DB_PREFIX - assumed 'DB_PREFIX' in /vb_shared/_forks/opencommerce/public_html/catalog/controller/startup/startup.php on line 25
2017-10-01 17:02:13 - PHP Notice:  Use of undefined constant DB_PREFIX - assumed 'DB_PREFIX' in /vb_shared/_forks/opencommerce/public_html/catalog/model/localisation/language.php on line 15
2017-10-01 17:02:13 - PHP Notice:  Undefined index:  in /vb_shared/_forks/opencommerce/public_html/catalog/controller/startup/startup.php on line 127
2017-10-01 17:02:13 - PHP Notice:  Use of undefined constant DB_PREFIX - assumed 'DB_PREFIX' in /vb_shared/_forks/opencommerce/public_html/catalog/model/localisation/currency.php on line 15
2017-10-01 17:02:13 - PHP Notice:  Use of undefined constant DB_PREFIX - assumed 'DB_PREFIX' in /vb_shared/_forks/opencommerce/public_html/system/library/cart/currency.php on line 10
2017-10-01 17:02:13 - PHP Notice:  Use of undefined constant DB_PREFIX - assumed 'DB_PREFIX' in /vb_shared/_forks/opencommerce/public_html/system/library/cart/tax.php on line 44
2017-10-01 17:02:13 - PHP Notice:  Use of undefined constant DB_PREFIX - assumed 'DB_PREFIX' in /vb_shared/_forks/opencommerce/public_html/system/library/cart/tax.php on line 44
2017-10-01 17:02:13 - PHP Notice:  Use of undefined constant DB_PREFIX - assumed 'DB_PREFIX' in /vb_shared/_forks/opencommerce/public_html/system/library/cart/tax.php on line 44
2017-10-01 17:02:13 - PHP Notice:  Use of undefined constant DB_PREFIX - assumed 'DB_PREFIX' in /vb_shared/_forks/opencommerce/public_html/system/library/cart/tax.php on line 44
2017-10-01 17:02:13 - PHP Notice:  Use of undefined constant DB_PREFIX - assumed 'DB_PREFIX' in /vb_shared/_forks/opencommerce/public_html/system/library/cart/tax.php on line 44
2017-10-01 17:02:13 - PHP Notice:  Use of undefined constant DB_PREFIX - assumed 'DB_PREFIX' in /vb_shared/_forks/opencommerce/public_html/system/library/cart/weight.php on line 10
2017-10-01 17:02:13 - PHP Notice:  Use of undefined constant DB_PREFIX - assumed 'DB_PREFIX' in /vb_shared/_forks/opencommerce/public_html/system/library/cart/weight.php on line 10
2017-10-01 17:02:13 - PHP Notice:  Use of undefined constant DB_PREFIX - assumed 'DB_PREFIX' in /vb_shared/_forks/opencommerce/public_html/system/library/cart/length.php on line 10
2017-10-01 17:02:13 - PHP Notice:  Use of undefined constant DB_PREFIX - assumed 'DB_PREFIX' in /vb_shared/_forks/opencommerce/public_html/system/library/cart/length.php on line 10
2017-10-01 17:02:13 - PHP Notice:  Use of undefined constant DB_PREFIX - assumed 'DB_PREFIX' in /vb_shared/_forks/opencommerce/public_html/system/library/cart/cart.php on line 15
2017-10-01 17:02:13 - PHP Notice:  Use of undefined constant DB_PREFIX - assumed 'DB_PREFIX' in /vb_shared/_forks/opencommerce/public_html/system/library/openbay.php on line 61
2017-10-01 17:02:13 - PHP Warning:  fopen(/vb_shared/_forks/opencommerce/public_html/system/storage/logs/): failed to open stream: Is a directory in /vb_shared/_forks/opencommerce/public_html/system/library/log.php on line 22
2017-10-01 17:04:05 - PHP Notice:  Use of undefined constant DB_PREFIX - assumed 'DB_PREFIX' in /vb_shared/_forks/opencommerce/public_html/system/library/session/db.php on line 21
2017-10-01 17:04:05 - PHP Notice:  Use of undefined constant DB_PREFIX - assumed 'DB_PREFIX' in /vb_shared/_forks/opencommerce/public_html/system/library/openbay.php on line 61
2017-10-01 17:04:05 - PHP Notice:  Use of undefined constant DB_PREFIX - assumed 'DB_PREFIX' in /vb_shared/_forks/opencommerce/public_html/catalog/model/design/translation.php on line 6
2017-10-01 17:04:05 - PHP Notice:  Use of undefined constant DB_PREFIX - assumed 'DB_PREFIX' in /vb_shared/_forks/opencommerce/public_html/system/library/openbay.php on line 61
2017-10-01 17:04:05 - PHP Notice:  Use of undefined constant DB_PREFIX - assumed 'DB_PREFIX' in /vb_shared/_forks/opencommerce/public_html/system/library/session/db.php on line 21
2017-10-01 17:04:05 - PHP Notice:  Use of undefined constant DB_PREFIX - assumed 'DB_PREFIX' in /vb_shared/_forks/opencommerce/public_html/catalog/controller/startup/startup.php on line 8
2017-10-01 17:04:05 - PHP Notice:  Use of undefined constant DB_PREFIX - assumed 'DB_PREFIX' in /vb_shared/_forks/opencommerce/public_html/catalog/controller/startup/startup.php on line 25
2017-10-01 17:04:05 - PHP Notice:  Use of undefined constant DB_PREFIX - assumed 'DB_PREFIX' in /vb_shared/_forks/opencommerce/public_html/catalog/model/localisation/language.php on line 15
2017-10-01 17:04:05 - PHP Notice:  Undefined index:  in /vb_shared/_forks/opencommerce/public_html/catalog/controller/startup/startup.php on line 127
2017-10-01 17:04:05 - PHP Notice:  Use of undefined constant DB_PREFIX - assumed 'DB_PREFIX' in /vb_shared/_forks/opencommerce/public_html/catalog/model/localisation/currency.php on line 15
2017-10-01 17:04:05 - PHP Notice:  Use of undefined constant DB_PREFIX - assumed 'DB_PREFIX' in /vb_shared/_forks/opencommerce/public_html/system/library/cart/currency.php on line 10
2017-10-01 17:04:05 - PHP Notice:  Use of undefined constant DB_PREFIX - assumed 'DB_PREFIX' in /vb_shared/_forks/opencommerce/public_html/system/library/cart/tax.php on line 44
2017-10-01 17:04:05 - PHP Notice:  Use of undefined constant DB_PREFIX - assumed 'DB_PREFIX' in /vb_shared/_forks/opencommerce/public_html/system/library/cart/tax.php on line 44
2017-10-01 17:04:05 - PHP Notice:  Use of undefined constant DB_PREFIX - assumed 'DB_PREFIX' in /vb_shared/_forks/opencommerce/public_html/system/library/cart/tax.php on line 44
2017-10-01 17:04:05 - PHP Notice:  Use of undefined constant DB_PREFIX - assumed 'DB_PREFIX' in /vb_shared/_forks/opencommerce/public_html/system/library/cart/tax.php on line 44
2017-10-01 17:04:05 - PHP Notice:  Use of undefined constant DB_PREFIX - assumed 'DB_PREFIX' in /vb_shared/_forks/opencommerce/public_html/system/library/cart/tax.php on line 44
2017-10-01 17:04:05 - PHP Notice:  Use of undefined constant DB_PREFIX - assumed 'DB_PREFIX' in /vb_shared/_forks/opencommerce/public_html/system/library/cart/weight.php on line 10
2017-10-01 17:04:05 - PHP Notice:  Use of undefined constant DB_PREFIX - assumed 'DB_PREFIX' in /vb_shared/_forks/opencommerce/public_html/system/library/cart/weight.php on line 10
2017-10-01 17:04:05 - PHP Notice:  Use of undefined constant DB_PREFIX - assumed 'DB_PREFIX' in /vb_shared/_forks/opencommerce/public_html/system/library/cart/length.php on line 10
2017-10-01 17:04:05 - PHP Notice:  Use of undefined constant DB_PREFIX - assumed 'DB_PREFIX' in /vb_shared/_forks/opencommerce/public_html/system/library/cart/length.php on line 10
2017-10-01 17:04:05 - PHP Notice:  Use of undefined constant DB_PREFIX - assumed 'DB_PREFIX' in /vb_shared/_forks/opencommerce/public_html/system/library/cart/cart.php on line 15
2017-10-01 17:04:05 - PHP Notice:  Use of undefined constant DB_PREFIX - assumed 'DB_PREFIX' in /vb_shared/_forks/opencommerce/public_html/system/library/openbay.php on line 61
2017-10-01 17:04:05 - PHP Warning:  fopen(/vb_shared/_forks/opencommerce/public_html/system/storage/logs/): failed to open stream: Is a directory in /vb_shared/_forks/opencommerce/public_html/system/library/log.php on line 22
2017-10-01 17:47:46 - PHP Notice:  Use of undefined constant DB_PREFIX - assumed 'DB_PREFIX' in /vb_shared/_forks/opencommerce/public_html/system/library/session/db.php on line 21
2017-10-01 17:47:46 - PHP Notice:  Use of undefined constant DB_PREFIX - assumed 'DB_PREFIX' in /vb_shared/_forks/opencommerce/public_html/system/library/openbay.php on line 61
2017-10-01 17:47:46 - PHP Notice:  Use of undefined constant DB_PREFIX - assumed 'DB_PREFIX' in /vb_shared/_forks/opencommerce/public_html/catalog/model/design/translation.php on line 6
2017-10-01 17:47:46 - PHP Notice:  Use of undefined constant DB_PREFIX - assumed 'DB_PREFIX' in /vb_shared/_forks/opencommerce/public_html/system/library/openbay.php on line 61
2017-10-01 17:47:46 - PHP Notice:  Use of undefined constant DB_PREFIX - assumed 'DB_PREFIX' in /vb_shared/_forks/opencommerce/public_html/system/library/session/db.php on line 21
2017-10-01 17:47:46 - PHP Notice:  Use of undefined constant DB_PREFIX - assumed 'DB_PREFIX' in /vb_shared/_forks/opencommerce/public_html/catalog/controller/startup/startup.php on line 8
2017-10-01 17:47:46 - PHP Notice:  Use of undefined constant DB_PREFIX - assumed 'DB_PREFIX' in /vb_shared/_forks/opencommerce/public_html/catalog/controller/startup/startup.php on line 25
2017-10-01 17:47:46 - PHP Notice:  Use of undefined constant DB_PREFIX - assumed 'DB_PREFIX' in /vb_shared/_forks/opencommerce/public_html/catalog/model/localisation/language.php on line 15
2017-10-01 17:47:46 - PHP Notice:  Undefined index:  in /vb_shared/_forks/opencommerce/public_html/catalog/controller/startup/startup.php on line 127
2017-10-01 17:47:46 - PHP Notice:  Use of undefined constant DB_PREFIX - assumed 'DB_PREFIX' in /vb_shared/_forks/opencommerce/public_html/catalog/model/localisation/currency.php on line 15
2017-10-01 17:47:46 - PHP Notice:  Use of undefined constant DB_PREFIX - assumed 'DB_PREFIX' in /vb_shared/_forks/opencommerce/public_html/system/library/cart/currency.php on line 10
2017-10-01 17:47:46 - PHP Notice:  Use of undefined constant DB_PREFIX - assumed 'DB_PREFIX' in /vb_shared/_forks/opencommerce/public_html/system/library/cart/tax.php on line 44
2017-10-01 17:47:46 - PHP Notice:  Use of undefined constant DB_PREFIX - assumed 'DB_PREFIX' in /vb_shared/_forks/opencommerce/public_html/system/library/cart/tax.php on line 44
2017-10-01 17:47:46 - PHP Notice:  Use of undefined constant DB_PREFIX - assumed 'DB_PREFIX' in /vb_shared/_forks/opencommerce/public_html/system/library/cart/tax.php on line 44
2017-10-01 17:47:46 - PHP Notice:  Use of undefined constant DB_PREFIX - assumed 'DB_PREFIX' in /vb_shared/_forks/opencommerce/public_html/system/library/cart/tax.php on line 44
2017-10-01 17:47:46 - PHP Notice:  Use of undefined constant DB_PREFIX - assumed 'DB_PREFIX' in /vb_shared/_forks/opencommerce/public_html/system/library/cart/tax.php on line 44
2017-10-01 17:47:46 - PHP Notice:  Use of undefined constant DB_PREFIX - assumed 'DB_PREFIX' in /vb_shared/_forks/opencommerce/public_html/system/library/cart/weight.php on line 10
2017-10-01 17:47:46 - PHP Notice:  Use of undefined constant DB_PREFIX - assumed 'DB_PREFIX' in /vb_shared/_forks/opencommerce/public_html/system/library/cart/weight.php on line 10
2017-10-01 17:47:46 - PHP Notice:  Use of undefined constant DB_PREFIX - assumed 'DB_PREFIX' in /vb_shared/_forks/opencommerce/public_html/system/library/cart/length.php on line 10
2017-10-01 17:47:46 - PHP Notice:  Use of undefined constant DB_PREFIX - assumed 'DB_PREFIX' in /vb_shared/_forks/opencommerce/public_html/system/library/cart/length.php on line 10
2017-10-01 17:47:46 - PHP Notice:  Use of undefined constant DB_PREFIX - assumed 'DB_PREFIX' in /vb_shared/_forks/opencommerce/public_html/system/library/cart/cart.php on line 15
2017-10-01 17:47:46 - PHP Notice:  Use of undefined constant DB_PREFIX - assumed 'DB_PREFIX' in /vb_shared/_forks/opencommerce/public_html/system/library/openbay.php on line 61
2017-10-01 17:47:46 - PHP Warning:  fopen(/vb_shared/_forks/opencommerce/public_html/system/storage/logs/): failed to open stream: Is a directory in /vb_shared/_forks/opencommerce/public_html/system/library/log.php on line 22
2017-10-01 17:47:47 - PHP Notice:  Use of undefined constant DB_PREFIX - assumed 'DB_PREFIX' in /vb_shared/_forks/opencommerce/public_html/system/library/session/db.php on line 21
2017-10-01 17:47:47 - PHP Notice:  Use of undefined constant DB_PREFIX - assumed 'DB_PREFIX' in /vb_shared/_forks/opencommerce/public_html/system/library/openbay.php on line 61
2017-10-01 17:47:47 - PHP Notice:  Use of undefined constant DB_PREFIX - assumed 'DB_PREFIX' in /vb_shared/_forks/opencommerce/public_html/catalog/model/design/translation.php on line 6
2017-10-01 17:47:47 - PHP Notice:  Use of undefined constant DB_PREFIX - assumed 'DB_PREFIX' in /vb_shared/_forks/opencommerce/public_html/system/library/openbay.php on line 61
2017-10-01 17:47:47 - PHP Notice:  Use of undefined constant DB_PREFIX - assumed 'DB_PREFIX' in /vb_shared/_forks/opencommerce/public_html/system/library/session/db.php on line 21
2017-10-01 17:47:47 - PHP Notice:  Use of undefined constant DB_PREFIX - assumed 'DB_PREFIX' in /vb_shared/_forks/opencommerce/public_html/catalog/controller/startup/startup.php on line 8
2017-10-01 17:47:47 - PHP Notice:  Use of undefined constant DB_PREFIX - assumed 'DB_PREFIX' in /vb_shared/_forks/opencommerce/public_html/catalog/controller/startup/startup.php on line 25
2017-10-01 17:47:47 - PHP Notice:  Use of undefined constant DB_PREFIX - assumed 'DB_PREFIX' in /vb_shared/_forks/opencommerce/public_html/catalog/model/localisation/language.php on line 15
2017-10-01 17:47:47 - PHP Notice:  Undefined index:  in /vb_shared/_forks/opencommerce/public_html/catalog/controller/startup/startup.php on line 127
2017-10-01 17:47:47 - PHP Notice:  Use of undefined constant DB_PREFIX - assumed 'DB_PREFIX' in /vb_shared/_forks/opencommerce/public_html/catalog/model/localisation/currency.php on line 15
2017-10-01 17:47:47 - PHP Notice:  Use of undefined constant DB_PREFIX - assumed 'DB_PREFIX' in /vb_shared/_forks/opencommerce/public_html/system/library/cart/currency.php on line 10
2017-10-01 17:47:47 - PHP Notice:  Use of undefined constant DB_PREFIX - assumed 'DB_PREFIX' in /vb_shared/_forks/opencommerce/public_html/system/library/cart/tax.php on line 44
2017-10-01 17:47:47 - PHP Notice:  Use of undefined constant DB_PREFIX - assumed 'DB_PREFIX' in /vb_shared/_forks/opencommerce/public_html/system/library/cart/tax.php on line 44
2017-10-01 17:47:47 - PHP Notice:  Use of undefined constant DB_PREFIX - assumed 'DB_PREFIX' in /vb_shared/_forks/opencommerce/public_html/system/library/cart/tax.php on line 44
2017-10-01 17:47:47 - PHP Notice:  Use of undefined constant DB_PREFIX - assumed 'DB_PREFIX' in /vb_shared/_forks/opencommerce/public_html/system/library/cart/tax.php on line 44
2017-10-01 17:47:47 - PHP Notice:  Use of undefined constant DB_PREFIX - assumed 'DB_PREFIX' in /vb_shared/_forks/opencommerce/public_html/system/library/cart/tax.php on line 44
2017-10-01 17:47:47 - PHP Notice:  Use of undefined constant DB_PREFIX - assumed 'DB_PREFIX' in /vb_shared/_forks/opencommerce/public_html/system/library/cart/weight.php on line 10
2017-10-01 17:47:47 - PHP Notice:  Use of undefined constant DB_PREFIX - assumed 'DB_PREFIX' in /vb_shared/_forks/opencommerce/public_html/system/library/cart/weight.php on line 10
2017-10-01 17:47:47 - PHP Notice:  Use of undefined constant DB_PREFIX - assumed 'DB_PREFIX' in /vb_shared/_forks/opencommerce/public_html/system/library/cart/length.php on line 10
2017-10-01 17:47:47 - PHP Notice:  Use of undefined constant DB_PREFIX - assumed 'DB_PREFIX' in /vb_shared/_forks/opencommerce/public_html/system/library/cart/length.php on line 10
2017-10-01 17:47:47 - PHP Notice:  Use of undefined constant DB_PREFIX - assumed 'DB_PREFIX' in /vb_shared/_forks/opencommerce/public_html/system/library/cart/cart.php on line 15
2017-10-01 17:47:47 - PHP Notice:  Use of undefined constant DB_PREFIX - assumed 'DB_PREFIX' in /vb_shared/_forks/opencommerce/public_html/system/library/openbay.php on line 61
2017-10-01 17:47:47 - PHP Warning:  fopen(/vb_shared/_forks/opencommerce/public_html/system/storage/logs/): failed to open stream: Is a directory in /vb_shared/_forks/opencommerce/public_html/system/library/log.php on line 22
